<?xml version="1.0" encoding="UTF-8"?>
<testsuite xmlns:xsi="http://www.w3.org/2001/XMLSchema-instance" xsi:noNamespaceSchemaLocation="https://maven.apache.org/surefire/maven-surefire-plugin/xsd/surefire-test-report.xsd" version="3.0.2" name="com.nt.DockerSbApp1ApplicationTests" time="1.767" tests="1" errors="0" skipped="0" failures="0">
  <properties>
[...]
</properties>
  <testcase name="contextLoads" classname="com.nt.DockerSbApp1ApplicationTests" time="0.722">
    <system-out><![CDATA[10:02:56.002 [main] INFO org.springframework.test.context.support.AnnotationConfigContextLoaderUtils -- Could not detect default configuration classes for test class [com.nt.DockerSbApp1ApplicationTests]: DockerSbApp1ApplicationTests does not declare any static, non-private, non-final, nested classes annotated with @Configuration.
10:02:56.112 [main] INFO org.springframework.boot.test.context.SpringBootTestContextBootstrapper -- Found @SpringBootConfiguration com.nt.DockerSbApp1Application for test class com.nt.DockerSbApp1ApplicationTests

  .   ____          _            __ _ _
 /\\ / ___'_ __ _ _(_)_ __  __ _ \ \ \ \
( ( )\___ | '_ | '_| | '_ \/ _` | \ \ \ \
 \\/  ___)| |_)| | | | | || (_| |  ) ) ) )
  '  |____| .__|_| |_|_| |_\__, | / / / /
 =========|_|==============|___/=/_/_/_/

 :: Spring Boot ::                (v4.0.0)

2025-12-10T10:02:56.473+05:30  INFO 15352 --- [DockerSBApp1] [           main] com.nt.DockerSbApp1ApplicationTests      : Starting DockerSbApp1ApplicationTests using Java 21.0.7 with PID 15352 (started by Nataraz in C:\Users\Nataraz\git\NTTools905LocalRepo\DockerSBApp1)
2025-12-10T10:02:56.474+05:30  INFO 15352 --- [DockerSBApp1] [           main] com.nt.DockerSbApp1ApplicationTests      : No active profile set, falling back to 1 default profile: "default"
2025-12-10T10:02:56.780+05:30  INFO 15352 --- [DockerSBApp1] [           main] com.nt.DockerSbApp1ApplicationTests      : Started DockerSbApp1ApplicationTests in 0.543 seconds (process running for 1.665)
]]></system-out>
    <system-err><![CDATA[Mockito is currently self-attaching to enable the inline-mock-maker. This will no longer work in future releases of the JDK. Please add Mockito as an agent to your build as described in Mockito's documentation: https://javadoc.io/doc/org.mockito/mockito-core/latest/org.mockito/org/mockito/Mockito.html#0.3
WARNING: A Java agent has been loaded dynamically (C:\Users\Nataraz\.m2\repository\net\bytebuddy\byte-buddy-agent\1.17.8\byte-buddy-agent-1.17.8.jar)
WARNING: If a serviceability tool is in use, please run with -XX:+EnableDynamicAgentLoading to hide this warning
WARNING: If a serviceability tool is not in use, please run with -Djdk.instrument.traceUsage for more information
WARNING: Dynamic loading of agents will be disallowed by default in a future release
]]></system-err>
  </testcase>
</testsuite>